<?xml version="1.0" encoding="UTF-8"?>
<testsuite name="com.example.BuyApplicationTests" tests="1" skipped="0" failures="0" errors="0" timestamp="2016-12-14T02:55:39" hostname="feintdeMacBook-Pro.local" time="0.073">
  <properties/>
  <testcase name="contextLoads" classname="com.example.BuyApplicationTests" time="0.073"/>
  <system-out><![CDATA[10:55:32.983 [Test worker] DEBUG org.springframework.test.context.junit4.SpringJUnit4ClassRunner - SpringJUnit4ClassRunner constructor called with [class com.example.BuyApplicationTests]
10:55:32.992 [Test worker] DEBUG org.springframework.test.context.BootstrapUtils - Instantiating CacheAwareContextLoaderDelegate from class [org.springframework.test.context.cache.DefaultCacheAwareContextLoaderDelegate]
10:55:33.001 [Test worker] DEBUG org.springframework.test.context.BootstrapUtils - Instantiating BootstrapContext using constructor [public org.springframework.test.context.support.DefaultBootstrapContext(java.lang.Class,org.springframework.test.context.CacheAwareContextLoaderDelegate)]
10:55:33.044 [Test worker] DEBUG org.springframework.test.context.BootstrapUtils - Instantiating TestContextBootstrapper for test class [com.example.BuyApplicationTests] from class [org.springframework.boot.test.context.SpringBootTestContextBootstrapper]
10:55:33.080 [Test worker] INFO org.springframework.boot.test.context.SpringBootTestContextBootstrapper - Neither @ContextConfiguration nor @ContextHierarchy found for test class [com.example.BuyApplicationTests], using SpringBootContextLoader
10:55:33.086 [Test worker] DEBUG org.springframework.test.context.support.AbstractContextLoader - Did not detect default resource location for test class [com.example.BuyApplicationTests]: class path resource [com/example/BuyApplicationTests-context.xml] does not exist
10:55:33.087 [Test worker] DEBUG org.springframework.test.context.support.AbstractContextLoader - Did not detect default resource location for test class [com.example.BuyApplicationTests]: class path resource [com/example/BuyApplicationTestsContext.groovy] does not exist
10:55:33.088 [Test worker] INFO org.springframework.test.context.support.AbstractContextLoader - Could not detect default resource locations for test class [com.example.BuyApplicationTests]: no resource found for suffixes {-context.xml, Context.groovy}.
10:55:33.091 [Test worker] INFO org.springframework.test.context.support.AnnotationConfigContextLoaderUtils - Could not detect default configuration classes for test class [com.example.BuyApplicationTests]: BuyApplicationTests does not declare any static, non-private, non-final, nested classes annotated with @Configuration.
10:55:33.231 [Test worker] DEBUG org.springframework.test.context.support.ActiveProfilesUtils - Could not find an 'annotation declaring class' for annotation type [org.springframework.test.context.ActiveProfiles] and class [com.example.BuyApplicationTests]
10:55:33.308 [Test worker] DEBUG org.springframework.core.env.StandardEnvironment - Adding [systemProperties] PropertySource with lowest search precedence
10:55:33.310 [Test worker] DEBUG org.springframework.core.env.StandardEnvironment - Adding [systemEnvironment] PropertySource with lowest search precedence
10:55:33.311 [Test worker] DEBUG org.springframework.core.env.StandardEnvironment - Initialized StandardEnvironment with PropertySources [systemProperties,systemEnvironment]
10:55:33.322 [Test worker] DEBUG org.springframework.core.io.support.PathMatchingResourcePatternResolver - Resolved classpath location [com/example/] to resources [URL [file:/Users/feint/IdeaProjects/Buy/build/classes/test/com/example/], URL [file:/Users/feint/IdeaProjects/Buy/build/classes/main/com/example/]]
10:55:33.325 [Test worker] DEBUG org.springframework.core.io.support.PathMatchingResourcePatternResolver - Looking for matching resources in directory tree [/Users/feint/IdeaProjects/Buy/build/classes/test/com/example]
10:55:33.326 [Test worker] DEBUG org.springframework.core.io.support.PathMatchingResourcePatternResolver - Searching directory [/Users/feint/IdeaProjects/Buy/build/classes/test/com/example] for files matching pattern [/Users/feint/IdeaProjects/Buy/build/classes/test/com/example/*.class]
10:55:33.334 [Test worker] DEBUG org.springframework.core.io.support.PathMatchingResourcePatternResolver - Looking for matching resources in directory tree [/Users/feint/IdeaProjects/Buy/build/classes/main/com/example]
10:55:33.335 [Test worker] DEBUG org.springframework.core.io.support.PathMatchingResourcePatternResolver - Searching directory [/Users/feint/IdeaProjects/Buy/build/classes/main/com/example] for files matching pattern [/Users/feint/IdeaProjects/Buy/build/classes/main/com/example/*.class]
10:55:33.336 [Test worker] DEBUG org.springframework.core.io.support.PathMatchingResourcePatternResolver - Resolved location pattern [classpath*:com/example/*.class] to resources [file [/Users/feint/IdeaProjects/Buy/build/classes/test/com/example/BuyApplicationTests.class], file [/Users/feint/IdeaProjects/Buy/build/classes/main/com/example/BuyApplication.class]]
10:55:33.407 [Test worker] DEBUG org.springframework.context.annotation.ClassPathScanningCandidateComponentProvider - Identified candidate component class: file [/Users/feint/IdeaProjects/Buy/build/classes/main/com/example/BuyApplication.class]
10:55:33.410 [Test worker] INFO org.springframework.boot.test.context.SpringBootTestContextBootstrapper - Found @SpringBootConfiguration com.example.BuyApplication for test class com.example.BuyApplicationTests
10:55:33.424 [Test worker] DEBUG org.springframework.boot.test.context.SpringBootTestContextBootstrapper - @TestExecutionListeners is not present for class [com.example.BuyApplicationTests]: using defaults.
10:55:33.431 [Test worker] INFO org.springframework.boot.test.context.SpringBootTestContextBootstrapper - Loaded default TestExecutionListener class names from location [META-INF/spring.factories]: [org.springframework.boot.test.mock.mockito.MockitoTestExecutionListener, org.springframework.boot.test.mock.mockito.ResetMocksTestExecutionListener, org.springframework.boot.test.autoconfigure.restdocs.RestDocsTestExecutionListener, org.springframework.boot.test.autoconfigure.web.client.MockRestServiceServerResetTestExecutionListener, org.springframework.boot.test.autoconfigure.web.servlet.MockMvcPrintOnlyOnFailureTestExecutionListener, org.springframework.boot.test.autoconfigure.web.servlet.WebDriverTestExecutionListener, org.springframework.test.context.web.ServletTestExecutionListener, org.springframework.test.context.support.DirtiesContextBeforeModesTestExecutionListener, org.springframework.test.context.support.DependencyInjectionTestExecutionListener, org.springframework.test.context.support.DirtiesContextTestExecutionListener, org.springframework.test.context.transaction.TransactionalTestExecutionListener, org.springframework.test.context.jdbc.SqlScriptsTestExecutionListener]
10:55:33.456 [Test worker] INFO org.springframework.boot.test.context.SpringBootTestContextBootstrapper - Using TestExecutionListeners: [org.springframework.test.context.web.ServletTestExecutionListener@64962015, org.springframework.test.context.support.DirtiesContextBeforeModesTestExecutionListener@172211b6, org.springframework.boot.test.autoconfigure.SpringBootDependencyInjectionTestExecutionListener@99bc5d5, org.springframework.test.context.support.DirtiesContextTestExecutionListener@5bdfa891, org.springframework.test.context.transaction.TransactionalTestExecutionListener@e9cbd77, org.springframework.test.context.jdbc.SqlScriptsTestExecutionListener@934a2b3, org.springframework.boot.test.autoconfigure.web.servlet.MockMvcPrintOnlyOnFailureTestExecutionListener@5ed66b2d, org.springframework.boot.test.mock.mockito.ResetMocksTestExecutionListener@78ebcb46, org.springframework.boot.test.autoconfigure.web.client.MockRestServiceServerResetTestExecutionListener@13f7b629, org.springframework.boot.test.autoconfigure.restdocs.RestDocsTestExecutionListener@3ffaafde, org.springframework.boot.test.autoconfigure.web.servlet.WebDriverTestExecutionListener@5218240f, org.springframework.boot.test.mock.mockito.MockitoTestExecutionListener@748f64f1]
10:55:33.459 [Test worker] DEBUG org.springframework.test.annotation.ProfileValueUtils - Retrieved @ProfileValueSourceConfiguration [null] for test class [com.example.BuyApplicationTests]
10:55:33.459 [Test worker] DEBUG org.springframework.test.annotation.ProfileValueUtils - Retrieved ProfileValueSource type [class org.springframework.test.annotation.SystemProfileValueSource] for class [com.example.BuyApplicationTests]
10:55:33.460 [Test worker] DEBUG org.springframework.test.annotation.ProfileValueUtils - Retrieved @ProfileValueSourceConfiguration [null] for test class [com.example.BuyApplicationTests]
10:55:33.461 [Test worker] DEBUG org.springframework.test.annotation.ProfileValueUtils - Retrieved ProfileValueSource type [class org.springframework.test.annotation.SystemProfileValueSource] for class [com.example.BuyApplicationTests]
10:55:33.466 [Test worker] DEBUG org.springframework.test.context.support.AbstractDirtiesContextTestExecutionListener - Before test class: context [DefaultTestContext@429f6db testClass = BuyApplicationTests, testInstance = [null], testMethod = [null], testException = [null], mergedContextConfiguration = [WebMergedContextConfiguration@7d3876ac testClass = BuyApplicationTests, locations = '{}', classes = '{class com.example.BuyApplication}', contextInitializerClasses = '[]', activeProfiles = '{}', propertySourceLocations = '{}', propertySourceProperties = '{org.springframework.boot.test.context.SpringBootTestContextBootstrapper=true}', contextCustomizers = set[org.springframework.boot.test.context.SpringBootTestContextCustomizer@38a4f876, org.springframework.boot.test.context.filter.ExcludeFilterContextCustomizer@74a01c03, org.springframework.boot.test.mock.mockito.MockitoContextCustomizer@0, org.springframework.boot.test.autoconfigure.properties.PropertyMappingContextCustomizer@0, org.springframework.boot.test.autoconfigure.web.servlet.WebDriverContextCustomizerFactory$Customizer@682fdd6f], resourceBasePath = 'src/main/webapp', contextLoader = 'org.springframework.boot.test.context.SpringBootContextLoader', parent = [null]]], class annotated with @DirtiesContext [false] with mode [null].
10:55:33.467 [Test worker] DEBUG org.springframework.test.annotation.ProfileValueUtils - Retrieved @ProfileValueSourceConfiguration [null] for test class [com.example.BuyApplicationTests]
10:55:33.467 [Test worker] DEBUG org.springframework.test.annotation.ProfileValueUtils - Retrieved ProfileValueSource type [class org.springframework.test.annotation.SystemProfileValueSource] for class [com.example.BuyApplicationTests]
10:55:33.511 [Test worker] DEBUG org.springframework.core.env.StandardEnvironment - Adding [systemProperties] PropertySource with lowest search precedence
10:55:33.511 [Test worker] DEBUG org.springframework.core.env.StandardEnvironment - Adding [systemEnvironment] PropertySource with lowest search precedence
10:55:33.512 [Test worker] DEBUG org.springframework.core.env.StandardEnvironment - Initialized StandardEnvironment with PropertySources [systemProperties,systemEnvironment]
10:55:33.513 [Test worker] DEBUG org.springframework.test.context.support.TestPropertySourceUtils - Adding inlined properties to environment: {spring.jmx.enabled=false, org.springframework.boot.test.context.SpringBootTestContextBootstrapper=true, server.port=-1}
10:55:33.514 [Test worker] DEBUG org.springframework.core.env.StandardEnvironment - Adding [Inlined Test Properties] PropertySource with highest search precedence

  .   ____          _            __ _ _
 /\\ / ___'_ __ _ _(_)_ __  __ _ \ \ \ \
( ( )\___ | '_ | '_| | '_ \/ _` | \ \ \ \
 \\/  ___)| |_)| | | | | || (_| |  ) ) ) )
  '  |____| .__|_| |_|_| |_\__, | / / / /
 =========|_|==============|___/=/_/_/_/
 :: Spring Boot ::        (v1.4.2.RELEASE)

2016-12-14 10:55:34.139  INFO 26039 --- [    Test worker] com.example.BuyApplicationTests          : Starting BuyApplicationTests on feintdeMacBook-Pro.local with PID 26039 (started by feint in /Users/feint/IdeaProjects/Buy)
2016-12-14 10:55:34.140  INFO 26039 --- [    Test worker] com.example.BuyApplicationTests          : No active profile set, falling back to default profiles: default
2016-12-14 10:55:34.202  INFO 26039 --- [    Test worker] o.s.w.c.s.GenericWebApplicationContext   : Refreshing org.springframework.web.context.support.GenericWebApplicationContext@c1ded8a: startup date [Wed Dec 14 10:55:34 CST 2016]; root of context hierarchy
2016-12-14 10:55:36.380  INFO 26039 --- [    Test worker] trationDelegate$BeanPostProcessorChecker : Bean 'org.springframework.transaction.annotation.ProxyTransactionManagementConfiguration' of type [class org.springframework.transaction.annotation.ProxyTransactionManagementConfiguration$$EnhancerBySpringCGLIB$$34e61507] is not eligible for getting processed by all BeanPostProcessors (for example: not eligible for auto-proxying)
2016-12-14 10:55:38.244  INFO 26039 --- [    Test worker] s.w.s.m.m.a.RequestMappingHandlerAdapter : Looking for @ControllerAdvice: org.springframework.web.context.support.GenericWebApplicationContext@c1ded8a: startup date [Wed Dec 14 10:55:34 CST 2016]; root of context hierarchy
2016-12-14 10:55:38.511  INFO 26039 --- [    Test worker] s.w.s.m.m.a.RequestMappingHandlerMapping : Mapped "{[/login]}" onto public com.example.entity.ResponseEntity<com.example.entity.LoginEntity> com.example.controller.LoginController.login(java.lang.String,java.lang.String)
2016-12-14 10:55:38.513  INFO 26039 --- [    Test worker] s.w.s.m.m.a.RequestMappingHandlerMapping : Mapped "{[/register],methods=[POST]}" onto public com.example.entity.ResponseEntity<java.lang.Integer> com.example.controller.RegisterController.register(com.example.domain.User)
2016-12-14 10:55:38.516  INFO 26039 --- [    Test worker] s.w.s.m.m.a.RequestMappingHandlerMapping : Mapped "{[/error]}" onto public org.springframework.http.ResponseEntity<java.util.Map<java.lang.String, java.lang.Object>> org.springframework.boot.autoconfigure.web.BasicErrorController.error(javax.servlet.http.HttpServletRequest)
2016-12-14 10:55:38.516  INFO 26039 --- [    Test worker] s.w.s.m.m.a.RequestMappingHandlerMapping : Mapped "{[/error],produces=[text/html]}" onto public org.springframework.web.servlet.ModelAndView org.springframework.boot.autoconfigure.web.BasicErrorController.errorHtml(javax.servlet.http.HttpServletRequest,javax.servlet.http.HttpServletResponse)
2016-12-14 10:55:38.588  INFO 26039 --- [    Test worker] o.s.w.s.handler.SimpleUrlHandlerMapping  : Mapped URL path [/webjars/**] onto handler of type [class org.springframework.web.servlet.resource.ResourceHttpRequestHandler]
2016-12-14 10:55:38.588  INFO 26039 --- [    Test worker] o.s.w.s.handler.SimpleUrlHandlerMapping  : Mapped URL path [/**] onto handler of type [class org.springframework.web.servlet.resource.ResourceHttpRequestHandler]
2016-12-14 10:55:38.664  INFO 26039 --- [    Test worker] o.s.w.s.handler.SimpleUrlHandlerMapping  : Mapped URL path [/**/favicon.ico] onto handler of type [class org.springframework.web.servlet.resource.ResourceHttpRequestHandler]
2016-12-14 10:55:39.160  INFO 26039 --- [    Test worker] com.example.BuyApplicationTests          : Started BuyApplicationTests in 5.634 seconds (JVM running for 7.13)
]]></system-out>
  <system-err><![CDATA[]]></system-err>
</testsuite>
